2019-03-03 00:45:14.262 INFO [main] [de.darkdl.mrvnbot.Core] [outInfo] [de.darkdl.mrvnbot.Core.outInfo(Core.java:69)] - Loaded voice channels!
2019-03-03 00:45:55.799 INFO [main] [de.darkdl.mrvnbot.Core] [outInfo] [de.darkdl.mrvnbot.Core.outInfo(Core.java:69)] - Loaded voice channels!
2019-03-03 00:47:31.278 INFO [main] [de.darkdl.mrvnbot.Core] [outInfo] [de.darkdl.mrvnbot.Core.outInfo(Core.java:69)] - Loaded voice channels!
2019-03-03 00:48:00.201 INFO [main] [de.darkdl.mrvnbot.Core] [outInfo] [de.darkdl.mrvnbot.Core.outInfo(Core.java:69)] - Loaded voice channels!
2019-03-03 00:48:20.642 INFO [main] [de.darkdl.mrvnbot.Core] [outInfo] [de.darkdl.mrvnbot.Core.outInfo(Core.java:69)] - Loaded voice channels!
2019-03-03 00:49:38.707 INFO [main] [de.darkdl.mrvnbot.Core] [outInfo] [de.darkdl.mrvnbot.Core.outInfo(Core.java:72)] - Starting up... [00:49:38.704494100]
2019-03-03 00:49:40.025 INFO [main] [de.darkdl.mrvnbot.Core] [outInfo] [de.darkdl.mrvnbot.Core.outInfo(Core.java:72)] - Loaded voice channels!
2019-03-03 00:49:40.028 INFO [main] [de.darkdl.mrvnbot.Core] [outInfo] [de.darkdl.mrvnbot.Core.outInfo(Core.java:72)] - Done loading... [00:49:40.027471700]
2019-03-03 00:51:26.755 INFO [main] [de.darkdl.mrvnbot.Core] [outInfo] [de.darkdl.mrvnbot.Core.outInfo(Core.java:72)] - Starting up... [00:51:26.752582]
2019-03-03 00:51:28.072 INFO [main] [de.darkdl.mrvnbot.Core] [outInfo] [de.darkdl.mrvnbot.Core.outInfo(Core.java:72)] - Loaded voice channels!
2019-03-03 00:51:28.075 INFO [main] [de.darkdl.mrvnbot.Core] [outInfo] [de.darkdl.mrvnbot.Core.outInfo(Core.java:72)] - Done loading... [00:51:28.074550600]
2019-03-03 00:51:34.421 INFO [JDA MainWS-ReadThread] [de.darkdl.mrvnbot.Core] [outLFGInfo] [de.darkdl.mrvnbot.Core.outLFGInfo(Core.java:76)] - Dark#1010 (108552944961454080) | Initiated LFG
2019-03-03 00:51:34.565 INFO [JDA MainWS-ReadThread] [de.darkdl.mrvnbot.Core] [outLFGInfo] [de.darkdl.mrvnbot.Core.outLFGInfo(Core.java:76)] - Dark#1010 (108552944961454080) | Succesfully completed LFG request
2019-03-03 00:53:39.251 INFO [main] [de.darkdl.mrvnbot.Core] [outInfo] [de.darkdl.mrvnbot.Core.outInfo(Core.java:72)] - Starting up... [00:53:39.248143200]
2019-03-03 00:53:41.589 INFO [main] [de.darkdl.mrvnbot.Core] [outInfo] [de.darkdl.mrvnbot.Core.outInfo(Core.java:72)] - Loaded voice channels!
2019-03-03 00:53:41.591 INFO [main] [de.darkdl.mrvnbot.Core] [outInfo] [de.darkdl.mrvnbot.Core.outInfo(Core.java:72)] - Done loading... [00:53:41.591908500]
2019-03-03 00:53:49.126 INFO [JDA MainWS-ReadThread] [de.darkdl.mrvnbot.Core] [outLFGInfo] [de.darkdl.mrvnbot.Core.outLFGInfo(Core.java:76)] - Dark#1010 (108552944961454080) | Initiated LFG
2019-03-03 00:53:49.270 INFO [JDA MainWS-ReadThread] [de.darkdl.mrvnbot.Core] [outLFGInfo] [de.darkdl.mrvnbot.Core.outLFGInfo(Core.java:76)] - Dark#1010 (108552944961454080) | Succesfully completed LFG request
2019-03-03 00:53:57.191 INFO [JDA MainWS-ReadThread] [de.darkdl.mrvnbot.Core] [outLFGInfo] [de.darkdl.mrvnbot.Core.outLFGInfo(Core.java:76)] - Dark#1010 (108552944961454080) | Initiated LFG
2019-03-03 00:54:14.418 INFO [main] [de.darkdl.mrvnbot.Core] [outInfo] [de.darkdl.mrvnbot.Core.outInfo(Core.java:72)] - Starting up... [00:54:14.415549600]
2019-03-03 00:54:15.741 INFO [main] [de.darkdl.mrvnbot.Core] [outInfo] [de.darkdl.mrvnbot.Core.outInfo(Core.java:72)] - Loaded voice channels!
2019-03-03 00:54:15.743 INFO [main] [de.darkdl.mrvnbot.Core] [outInfo] [de.darkdl.mrvnbot.Core.outInfo(Core.java:72)] - Done loading... [00:54:15.743528700]
2019-03-03 00:54:20.845 INFO [JDA MainWS-ReadThread] [de.darkdl.mrvnbot.Core] [outLFGInfo] [de.darkdl.mrvnbot.Core.outLFGInfo(Core.java:76)] - Dark#1010 (108552944961454080) | Initiated LFG
2019-03-03 00:54:21.056 INFO [JDA MainWS-ReadThread] [de.darkdl.mrvnbot.Core] [outLFGInfo] [de.darkdl.mrvnbot.Core.outLFGInfo(Core.java:76)] - Dark#1010 (108552944961454080) | Succesfully completed LFG request
2019-03-03 00:54:28.951 INFO [JDA MainWS-ReadThread] [de.darkdl.mrvnbot.Core] [outLFGInfo] [de.darkdl.mrvnbot.Core.outLFGInfo(Core.java:76)] - Dark#1010 (108552944961454080) | Initiated LFG
2019-03-03 00:55:37.012 INFO [main] [de.darkdl.mrvnbot.Core] [outInfo] [de.darkdl.mrvnbot.Core.outInfo(Core.java:72)] - Starting up... [00:55:37.010349]
2019-03-03 00:55:40.336 INFO [main] [de.darkdl.mrvnbot.Core] [outInfo] [de.darkdl.mrvnbot.Core.outInfo(Core.java:72)] - Loaded voice channels!
2019-03-03 00:55:40.339 INFO [main] [de.darkdl.mrvnbot.Core] [outInfo] [de.darkdl.mrvnbot.Core.outInfo(Core.java:72)] - Done loading... [00:55:40.338005700]
2019-03-03 00:55:45.280 INFO [JDA MainWS-ReadThread] [de.darkdl.mrvnbot.Core] [outLFGInfo] [de.darkdl.mrvnbot.Core.outLFGInfo(Core.java:76)] - Dark#1010 (108552944961454080) | Initiated LFG
2019-03-03 00:55:45.479 INFO [JDA MainWS-ReadThread] [de.darkdl.mrvnbot.Core] [outLFGInfo] [de.darkdl.mrvnbot.Core.outLFGInfo(Core.java:76)] - Dark#1010 (108552944961454080) | Succesfully completed LFG request
2019-03-03 00:56:35.271 INFO [main] [de.darkdl.mrvnbot.Core] [outInfo] [de.darkdl.mrvnbot.Core.outInfo(Core.java:72)] - Starting up... [00:56:35.267391200]
2019-03-03 00:56:36.579 INFO [main] [de.darkdl.mrvnbot.Core] [outInfo] [de.darkdl.mrvnbot.Core.outInfo(Core.java:72)] - Loaded voice channels!
2019-03-03 00:56:36.581 INFO [main] [de.darkdl.mrvnbot.Core] [outInfo] [de.darkdl.mrvnbot.Core.outInfo(Core.java:72)] - Done loading... [00:56:36.581873600]
2019-03-03 00:56:41.986 INFO [JDA MainWS-ReadThread] [de.darkdl.mrvnbot.Core] [outLFGInfo] [de.darkdl.mrvnbot.Core.outLFGInfo(Core.java:76)] - Dark#1010 (108552944961454080) | Initiated LFG
2019-03-03 00:56:42.142 INFO [JDA MainWS-ReadThread] [de.darkdl.mrvnbot.Core] [outLFGInfo] [de.darkdl.mrvnbot.Core.outLFGInfo(Core.java:76)] - Dark#1010 (108552944961454080) | Succesfully completed LFG request
2019-03-03 00:56:58.388 INFO [JDA MainWS-ReadThread] [de.darkdl.mrvnbot.Core] [outLFGInfo] [de.darkdl.mrvnbot.Core.outLFGInfo(Core.java:76)] - Dark#1010 (108552944961454080) | Initiated LFG
2019-03-03 00:57:16.324 INFO [main] [de.darkdl.mrvnbot.Core] [outInfo] [de.darkdl.mrvnbot.Core.outInfo(Core.java:72)] - Starting up... [00:57:16.322639300]
2019-03-03 00:57:17.631 INFO [main] [de.darkdl.mrvnbot.Core] [outInfo] [de.darkdl.mrvnbot.Core.outInfo(Core.java:72)] - Loaded voice channels!
2019-03-03 00:57:17.633 INFO [main] [de.darkdl.mrvnbot.Core] [outInfo] [de.darkdl.mrvnbot.Core.outInfo(Core.java:72)] - Done loading... [00:57:17.633650500]
2019-03-03 00:57:21.514 INFO [JDA MainWS-ReadThread] [de.darkdl.mrvnbot.Core] [outLFGInfo] [de.darkdl.mrvnbot.Core.outLFGInfo(Core.java:76)] - Dark#1010 (108552944961454080) | Initiated LFG
2019-03-03 00:57:21.673 INFO [JDA MainWS-ReadThread] [de.darkdl.mrvnbot.Core] [outLFGInfo] [de.darkdl.mrvnbot.Core.outLFGInfo(Core.java:76)] - Dark#1010 (108552944961454080) | Succesfully completed LFG request
2019-03-03 00:57:25.290 INFO [JDA MainWS-ReadThread] [de.darkdl.mrvnbot.Core] [outLFGInfo] [de.darkdl.mrvnbot.Core.outLFGInfo(Core.java:76)] - Dark#1010 (108552944961454080) | Initiated LFG
2019-03-03 00:57:30.713 INFO [main] [de.darkdl.mrvnbot.Core] [outInfo] [de.darkdl.mrvnbot.Core.outInfo(Core.java:72)] - Starting up... [00:57:30.710374]
2019-03-03 00:57:32.040 INFO [main] [de.darkdl.mrvnbot.Core] [outInfo] [de.darkdl.mrvnbot.Core.outInfo(Core.java:72)] - Loaded voice channels!
2019-03-03 00:57:32.042 INFO [main] [de.darkdl.mrvnbot.Core] [outInfo] [de.darkdl.mrvnbot.Core.outInfo(Core.java:72)] - Done loading... [00:57:32.042339300]
2019-03-03 00:57:35.680 INFO [JDA MainWS-ReadThread] [de.darkdl.mrvnbot.Core] [outLFGInfo] [de.darkdl.mrvnbot.Core.outLFGInfo(Core.java:76)] - Dark#1010 (108552944961454080) | Initiated LFG
2019-03-03 00:58:37.799 INFO [main] [de.darkdl.mrvnbot.Core] [outInfo] [de.darkdl.mrvnbot.Core.outInfo(Core.java:72)] - Starting up... [00:58:37.796433]
2019-03-03 00:58:39.108 INFO [main] [de.darkdl.mrvnbot.Core] [outInfo] [de.darkdl.mrvnbot.Core.outInfo(Core.java:72)] - Loaded voice channels!
2019-03-03 00:58:39.109 INFO [main] [de.darkdl.mrvnbot.Core] [outInfo] [de.darkdl.mrvnbot.Core.outInfo(Core.java:72)] - Done loading... [00:58:39.109449100]
2019-03-03 00:58:58.253 INFO [main] [de.darkdl.mrvnbot.Core] [outInfo] [de.darkdl.mrvnbot.Core.outInfo(Core.java:72)] - Starting up... [00:58:58.250542600]
2019-03-03 00:58:59.561 INFO [main] [de.darkdl.mrvnbot.Core] [outInfo] [de.darkdl.mrvnbot.Core.outInfo(Core.java:72)] - Loaded voice channels!
2019-03-03 00:58:59.563 INFO [main] [de.darkdl.mrvnbot.Core] [outInfo] [de.darkdl.mrvnbot.Core.outInfo(Core.java:72)] - Done loading... [00:58:59.563560400]
2019-03-03 00:59:25.824 INFO [main] [de.darkdl.mrvnbot.Core] [outInfo] [de.darkdl.mrvnbot.Core.outInfo(Core.java:72)] - Starting up... [00:59:25.822719400]
2019-03-03 00:59:27.129 INFO [main] [de.darkdl.mrvnbot.Core] [outInfo] [de.darkdl.mrvnbot.Core.outInfo(Core.java:72)] - Loaded voice channels!
2019-03-03 00:59:27.131 INFO [main] [de.darkdl.mrvnbot.Core] [outInfo] [de.darkdl.mrvnbot.Core.outInfo(Core.java:72)] - Done loading... [00:59:27.131230500]
2019-03-03 01:03:59.113 INFO [main] [de.darkdl.mrvnbot.Core] [outInfo] [de.darkdl.mrvnbot.Core.outInfo(Core.java:72)] - Starting up... [01:03:59.110758500]
2019-03-03 01:04:06.789 INFO [main] [de.darkdl.mrvnbot.Core] [outInfo] [de.darkdl.mrvnbot.Core.outInfo(Core.java:72)] - Loaded voice channels!
2019-03-03 01:04:06.792 INFO [main] [de.darkdl.mrvnbot.Core] [outInfo] [de.darkdl.mrvnbot.Core.outInfo(Core.java:72)] - Done loading... [01:04:06.791830100]
2019-03-03 01:04:42.882 INFO [main] [de.darkdl.mrvnbot.Core] [outInfo] [de.darkdl.mrvnbot.Core.outInfo(Core.java:72)] - Starting up... [01:04:42.879849400]
2019-03-03 01:04:44.240 INFO [main] [de.darkdl.mrvnbot.Core] [outInfo] [de.darkdl.mrvnbot.Core.outInfo(Core.java:72)] - Loaded voice channels!
2019-03-03 01:04:44.242 INFO [main] [de.darkdl.mrvnbot.Core] [outInfo] [de.darkdl.mrvnbot.Core.outInfo(Core.java:72)] - Done loading... [01:04:44.242720900]
2019-03-03 01:04:48.908 INFO [JDA MainWS-ReadThread] [de.darkdl.mrvnbot.Core] [outLFGInfo] [de.darkdl.mrvnbot.Core.outLFGInfo(Core.java:76)] - Dark#1010 (108552944961454080) | Initiated LFG
2019-03-03 01:04:49.111 INFO [JDA MainWS-ReadThread] [de.darkdl.mrvnbot.Core] [outLFGInfo] [de.darkdl.mrvnbot.Core.outLFGInfo(Core.java:76)] - Dark#1010 (108552944961454080) | Succesfully completed LFG request
2019-03-03 01:04:55.357 INFO [JDA MainWS-ReadThread] [de.darkdl.mrvnbot.Core] [outLFGInfo] [de.darkdl.mrvnbot.Core.outLFGInfo(Core.java:76)] - Dark#1010 (108552944961454080) | Initiated LFG
2019-03-03 01:04:55.608 INFO [JDA MainWS-ReadThread] [de.darkdl.mrvnbot.Core] [outLFGInfo] [de.darkdl.mrvnbot.Core.outLFGInfo(Core.java:76)] - Dark#1010 (108552944961454080) | Succesfully completed LFG request
2019-03-03 01:05:41.561 INFO [main] [de.darkdl.mrvnbot.Core] [outInfo] [de.darkdl.mrvnbot.Core.outInfo(Core.java:72)] - Starting up... [01:05:41.558758900]
2019-03-03 01:05:42.890 INFO [main] [de.darkdl.mrvnbot.Core] [outInfo] [de.darkdl.mrvnbot.Core.outInfo(Core.java:72)] - Loaded voice channels!
2019-03-03 01:05:42.893 INFO [main] [de.darkdl.mrvnbot.Core] [outInfo] [de.darkdl.mrvnbot.Core.outInfo(Core.java:72)] - Done loading... [01:05:42.893202400]
2019-03-03 01:05:48.243 INFO [JDA MainWS-ReadThread] [de.darkdl.mrvnbot.Core] [outLFGInfo] [de.darkdl.mrvnbot.Core.outLFGInfo(Core.java:76)] - Dark#1010 (108552944961454080) | Initiated LFG
2019-03-03 01:05:48.400 INFO [JDA MainWS-ReadThread] [de.darkdl.mrvnbot.Core] [outLFGInfo] [de.darkdl.mrvnbot.Core.outLFGInfo(Core.java:76)] - Dark#1010 (108552944961454080) | Succesfully completed LFG request
2019-03-03 01:05:51.506 INFO [JDA MainWS-ReadThread] [de.darkdl.mrvnbot.Core] [outLFGInfo] [de.darkdl.mrvnbot.Core.outLFGInfo(Core.java:76)] - Dark#1010 (108552944961454080) | Initiated LFG
2019-03-03 01:05:51.653 INFO [JDA MainWS-ReadThread] [de.darkdl.mrvnbot.Core] [outLFGInfo] [de.darkdl.mrvnbot.Core.outLFGInfo(Core.java:76)] - Dark#1010 (108552944961454080) | Succesfully completed LFG request
2019-03-03 01:10:00.856 INFO [JDA MainWS-ReadThread] [de.darkdl.mrvnbot.Core] [outLFGInfo] [de.darkdl.mrvnbot.Core.outLFGInfo(Core.java:76)] - djb2spirit#7777 (280058863439446016) | Initiated LFG
2019-03-03 01:10:00.997 INFO [JDA MainWS-ReadThread] [de.darkdl.mrvnbot.Core] [outLFGInfo] [de.darkdl.mrvnbot.Core.outLFGInfo(Core.java:76)] - djb2spirit#7777 (280058863439446016) | Succesfully completed LFG request
2019-03-03 01:10:17.580 INFO [JDA MainWS-ReadThread] [de.darkdl.mrvnbot.Core] [outLFGInfo] [de.darkdl.mrvnbot.Core.outLFGInfo(Core.java:76)] - djb2spirit#7777 (280058863439446016) | Initiated LFG
2019-03-03 01:10:17.709 INFO [JDA MainWS-ReadThread] [de.darkdl.mrvnbot.Core] [outLFGInfo] [de.darkdl.mrvnbot.Core.outLFGInfo(Core.java:76)] - djb2spirit#7777 (280058863439446016) | Succesfully completed LFG request
2019-03-03 01:10:18.111 INFO [JDA MainWS-ReadThread] [de.darkdl.mrvnbot.Core] [outLFGInfo] [de.darkdl.mrvnbot.Core.outLFGInfo(Core.java:76)] - Dark#1010 (108552944961454080) | Initiated LFG
2019-03-03 01:10:18.240 INFO [JDA MainWS-ReadThread] [de.darkdl.mrvnbot.Core] [outLFGInfo] [de.darkdl.mrvnbot.Core.outLFGInfo(Core.java:76)] - Dark#1010 (108552944961454080) | Succesfully completed LFG request
2019-03-03 01:10:35.645 INFO [JDA MainWS-ReadThread] [de.darkdl.mrvnbot.Core] [outLFGInfo] [de.darkdl.mrvnbot.Core.outLFGInfo(Core.java:76)] - Dark#1010 (108552944961454080) | Initiated LFG
2019-03-03 01:11:11.945 INFO [JDA MainWS-ReadThread] [de.darkdl.mrvnbot.Core] [outLFGInfo] [de.darkdl.mrvnbot.Core.outLFGInfo(Core.java:76)] - Dark#1010 (108552944961454080) | Initiated LFG
2019-03-03 01:11:18.632 INFO [JDA MainWS-ReadThread] [de.darkdl.mrvnbot.Core] [outLFGInfo] [de.darkdl.mrvnbot.Core.outLFGInfo(Core.java:76)] - Dark#1010 (108552944961454080) | Initiated LFG
2019-03-03 01:11:18.786 INFO [JDA MainWS-ReadThread] [de.darkdl.mrvnbot.Core] [outLFGInfo] [de.darkdl.mrvnbot.Core.outLFGInfo(Core.java:76)] - Dark#1010 (108552944961454080) | Succesfully completed LFG request
2019-03-03 01:12:43.777 INFO [main] [de.darkdl.mrvnbot.Core] [outInfo] [de.darkdl.mrvnbot.Core.outInfo(Core.java:72)] - Starting up... [01:12:43.774208600]
2019-03-03 01:12:45.117 INFO [main] [de.darkdl.mrvnbot.Core] [outInfo] [de.darkdl.mrvnbot.Core.outInfo(Core.java:72)] - Loaded voice channels!
2019-03-03 01:12:45.119 INFO [main] [de.darkdl.mrvnbot.Core] [outInfo] [de.darkdl.mrvnbot.Core.outInfo(Core.java:72)] - Done loading... [01:12:45.119631500]
2019-03-03 01:12:50.803 INFO [JDA MainWS-ReadThread] [de.darkdl.mrvnbot.Core] [outLFGInfo] [de.darkdl.mrvnbot.Core.outLFGInfo(Core.java:76)] - Dark#1010 (108552944961454080) | Initiated LFG
2019-03-03 01:13:12.000 INFO [JDA MainWS-ReadThread] [de.darkdl.mrvnbot.Core] [outLFGInfo] [de.darkdl.mrvnbot.Core.outLFGInfo(Core.java:76)] - Dark#1010 (108552944961454080) | Initiated LFG
2019-03-03 01:13:20.558 INFO [JDA MainWS-ReadThread] [de.darkdl.mrvnbot.Core] [outLFGInfo] [de.darkdl.mrvnbot.Core.outLFGInfo(Core.java:76)] - Dark#1010 (108552944961454080) | Initiated LFG
2019-03-03 01:13:20.715 INFO [JDA MainWS-ReadThread] [de.darkdl.mrvnbot.Core] [outLFGInfo] [de.darkdl.mrvnbot.Core.outLFGInfo(Core.java:76)] - Dark#1010 (108552944961454080) | Succesfully completed LFG request
2019-03-03 01:14:42.384 INFO [main] [de.darkdl.mrvnbot.Core] [outInfo] [de.darkdl.mrvnbot.Core.outInfo(Core.java:72)] - Starting up... [01:14:42.381664100]
2019-03-03 01:14:43.673 INFO [main] [de.darkdl.mrvnbot.Core] [outInfo] [de.darkdl.mrvnbot.Core.outInfo(Core.java:72)] - Loaded voice channels!
2019-03-03 01:14:43.675 INFO [main] [de.darkdl.mrvnbot.Core] [outInfo] [de.darkdl.mrvnbot.Core.outInfo(Core.java:72)] - Done loading... [01:14:43.675213600]
2019-03-03 01:14:45.531 INFO [JDA MainWS-ReadThread] [de.darkdl.mrvnbot.Core] [outLFGInfo] [de.darkdl.mrvnbot.Core.outLFGInfo(Core.java:76)] - Dark#1010 (108552944961454080) | Initiated LFG
2019-03-03 01:14:45.673 INFO [JDA MainWS-ReadThread] [de.darkdl.mrvnbot.Core] [outLFGInfo] [de.darkdl.mrvnbot.Core.outLFGInfo(Core.java:76)] - Dark#1010 (108552944961454080) | Succesfully completed LFG request
2019-03-03 01:15:28.531 INFO [JDA MainWS-ReadThread] [de.darkdl.mrvnbot.Core] [outLFGInfo] [de.darkdl.mrvnbot.Core.outLFGInfo(Core.java:76)] - djb2spirit#7777 (280058863439446016) | Initiated LFG
2019-03-03 01:15:28.667 INFO [JDA MainWS-ReadThread] [de.darkdl.mrvnbot.Core] [outLFGInfo] [de.darkdl.mrvnbot.Core.outLFGInfo(Core.java:76)] - djb2spirit#7777 (280058863439446016) | Succesfully completed LFG request
2019-03-03 01:15:28.934 INFO [JDA MainWS-ReadThread] [de.darkdl.mrvnbot.Core] [outLFGInfo] [de.darkdl.mrvnbot.Core.outLFGInfo(Core.java:76)] - Dark#1010 (108552944961454080) | Initiated LFG
2019-03-03 01:15:29.064 INFO [JDA MainWS-ReadThread] [de.darkdl.mrvnbot.Core] [outLFGInfo] [de.darkdl.mrvnbot.Core.outLFGInfo(Core.java:76)] - Dark#1010 (108552944961454080) | Succesfully completed LFG request
2019-03-03 01:15:53.902 INFO [JDA MainWS-ReadThread] [de.darkdl.mrvnbot.Core] [outLFGInfo] [de.darkdl.mrvnbot.Core.outLFGInfo(Core.java:76)] - Dark#1010 (108552944961454080) | Initiated LFG
2019-03-03 01:15:54.068 INFO [JDA MainWS-ReadThread] [de.darkdl.mrvnbot.Core] [outLFGInfo] [de.darkdl.mrvnbot.Core.outLFGInfo(Core.java:76)] - Dark#1010 (108552944961454080) | Succesfully completed LFG request
2019-03-03 01:15:54.094 INFO [JDA MainWS-ReadThread] [de.darkdl.mrvnbot.Core] [outLFGInfo] [de.darkdl.mrvnbot.Core.outLFGInfo(Core.java:76)] - djb2spirit#7777 (280058863439446016) | Initiated LFG
2019-03-03 01:15:54.252 INFO [JDA MainWS-ReadThread] [de.darkdl.mrvnbot.Core] [outLFGInfo] [de.darkdl.mrvnbot.Core.outLFGInfo(Core.java:76)] - djb2spirit#7777 (280058863439446016) | Succesfully completed LFG request
2019-03-03 01:16:43.681 INFO [main] [de.darkdl.mrvnbot.Core] [outInfo] [de.darkdl.mrvnbot.Core.outInfo(Core.java:72)] - Starting up... [01:16:43.678049200]
2019-03-03 01:16:46.963 INFO [main] [de.darkdl.mrvnbot.Core] [outInfo] [de.darkdl.mrvnbot.Core.outInfo(Core.java:72)] - Loaded voice channels!
2019-03-03 01:16:46.966 INFO [main] [de.darkdl.mrvnbot.Core] [outInfo] [de.darkdl.mrvnbot.Core.outInfo(Core.java:72)] - Done loading... [01:16:46.966322500]
2019-03-03 01:16:49.597 INFO [JDA MainWS-ReadThread] [de.darkdl.mrvnbot.Core] [outLFGInfo] [de.darkdl.mrvnbot.Core.outLFGInfo(Core.java:76)] - Dark#1010 (108552944961454080) | Initiated LFG in channel general
2019-03-03 01:16:49.748 INFO [JDA MainWS-ReadThread] [de.darkdl.mrvnbot.Core] [outLFGInfo] [de.darkdl.mrvnbot.Core.outLFGInfo(Core.java:76)] - Dark#1010 (108552944961454080) | Succesfully completed LFG request
2019-03-03 01:17:14.995 INFO [main] [de.darkdl.mrvnbot.Core] [outInfo] [de.darkdl.mrvnbot.Core.outInfo(Core.java:72)] - Starting up... [01:17:14.992950900]
2019-03-03 01:17:16.362 INFO [main] [de.darkdl.mrvnbot.Core] [outInfo] [de.darkdl.mrvnbot.Core.outInfo(Core.java:72)] - Loaded voice channels
2019-03-03 01:17:16.365 INFO [main] [de.darkdl.mrvnbot.Core] [outInfo] [de.darkdl.mrvnbot.Core.outInfo(Core.java:72)] - Done loading! [01:17:16.365809900]
2019-03-03 01:17:22.091 INFO [JDA MainWS-ReadThread] [de.darkdl.mrvnbot.Core] [outLFGInfo] [de.darkdl.mrvnbot.Core.outLFGInfo(Core.java:76)] - Dark#1010 (108552944961454080) | Initiated LFG in channel general
2019-03-03 01:17:22.248 INFO [JDA MainWS-ReadThread] [de.darkdl.mrvnbot.Core] [outLFGInfo] [de.darkdl.mrvnbot.Core.outLFGInfo(Core.java:76)] - Dark#1010 (108552944961454080) | Succesfully completed LFG request
2019-03-03 01:17:25.202 INFO [JDA MainWS-ReadThread] [de.darkdl.mrvnbot.Core] [outLFGInfo] [de.darkdl.mrvnbot.Core.outLFGInfo(Core.java:76)] - Dark#1010 (108552944961454080) | Initiated LFG in channel general
2019-03-03 01:17:25.329 INFO [JDA MainWS-ReadThread] [de.darkdl.mrvnbot.Core] [outLFGInfo] [de.darkdl.mrvnbot.Core.outLFGInfo(Core.java:76)] - Dark#1010 (108552944961454080) | Succesfully completed LFG request
2019-03-03 01:17:28.510 INFO [JDA MainWS-ReadThread] [de.darkdl.mrvnbot.Core] [outLFGInfo] [de.darkdl.mrvnbot.Core.outLFGInfo(Core.java:76)] - Dark#1010 (108552944961454080) | Initiated LFG in channel general
2019-03-03 01:17:28.635 INFO [JDA MainWS-ReadThread] [de.darkdl.mrvnbot.Core] [outLFGInfo] [de.darkdl.mrvnbot.Core.outLFGInfo(Core.java:76)] - Dark#1010 (108552944961454080) | Succesfully completed LFG request
2019-03-03 01:17:31.371 INFO [JDA MainWS-ReadThread] [de.darkdl.mrvnbot.Core] [outLFGInfo] [de.darkdl.mrvnbot.Core.outLFGInfo(Core.java:76)] - Dark#1010 (108552944961454080) | Initiated LFG in channel general
2019-03-03 01:17:31.524 INFO [JDA MainWS-ReadThread] [de.darkdl.mrvnbot.Core] [outLFGInfo] [de.darkdl.mrvnbot.Core.outLFGInfo(Core.java:76)] - Dark#1010 (108552944961454080) | Succesfully completed LFG request
2019-03-03 01:18:30.665 INFO [JDA MainWS-ReadThread] [de.darkdl.mrvnbot.Core] [outLFGInfo] [de.darkdl.mrvnbot.Core.outLFGInfo(Core.java:76)] - Dark#1010 (108552944961454080) | Initiated LFG in channel general
2019-03-03 01:20:10.742 INFO [main] [de.darkdl.mrvnbot.Core] [outInfo] [de.darkdl.mrvnbot.Core.outInfo(Core.java:72)] - Starting up... [01:20:10.739885700]
2019-03-03 01:20:14.058 INFO [main] [de.darkdl.mrvnbot.Core] [outInfo] [de.darkdl.mrvnbot.Core.outInfo(Core.java:72)] - Loaded voice channels
2019-03-03 01:20:14.061 INFO [main] [de.darkdl.mrvnbot.Core] [outInfo] [de.darkdl.mrvnbot.Core.outInfo(Core.java:72)] - Done loading! [01:20:14.061551800]
2019-03-03 01:20:28.395 INFO [main] [de.darkdl.mrvnbot.Core] [outInfo] [de.darkdl.mrvnbot.Core.outInfo(Core.java:72)] - Starting up... [01:20:28.393449400]
2019-03-03 01:20:29.763 INFO [main] [de.darkdl.mrvnbot.Core] [outInfo] [de.darkdl.mrvnbot.Core.outInfo(Core.java:72)] - Loaded voice channels
2019-03-03 01:20:29.766 INFO [main] [de.darkdl.mrvnbot.Core] [outInfo] [de.darkdl.mrvnbot.Core.outInfo(Core.java:72)] - Done loading! [01:20:29.766306300]
2019-03-03 01:20:38.115 INFO [JDA MainWS-ReadThread] [de.darkdl.mrvnbot.Core] [outLFGInfo] [de.darkdl.mrvnbot.Core.outLFGInfo(Core.java:76)] - Dark#1010 (108552944961454080) | Started LFG request in general
2019-03-03 01:20:38.121 INFO [JDA MainWS-ReadThread] [de.darkdl.mrvnbot.Core] [outLFGInfo] [de.darkdl.mrvnbot.Core.outLFGInfo(Core.java:76)] - Dark#1010 (108552944961454080) | Stopped LFG request, user is not in a channel
2019-03-03 01:20:56.913 INFO [main] [de.darkdl.mrvnbot.Core] [outInfo] [de.darkdl.mrvnbot.Core.outInfo(Core.java:72)] - Starting up... [01:20:56.910570200]
2019-03-03 01:20:58.227 INFO [main] [de.darkdl.mrvnbot.Core] [outInfo] [de.darkdl.mrvnbot.Core.outInfo(Core.java:72)] - Loaded voice channels
2019-03-03 01:20:58.229 INFO [main] [de.darkdl.mrvnbot.Core] [outInfo] [de.darkdl.mrvnbot.Core.outInfo(Core.java:72)] - Done loading! [01:20:58.229066700]
2019-03-03 01:21:01.405 INFO [JDA MainWS-ReadThread] [de.darkdl.mrvnbot.Core] [outLFGInfo] [de.darkdl.mrvnbot.Core.outLFGInfo(Core.java:76)] - Dark#1010 (108552944961454080) | Started LFG request in general
2019-03-03 01:21:01.410 INFO [JDA MainWS-ReadThread] [de.darkdl.mrvnbot.Core] [outLFGInfo] [de.darkdl.mrvnbot.Core.outLFGInfo(Core.java:76)] - Dark#1010 (108552944961454080) | Stopped LFG request, user is not in a channel
2019-03-03 01:21:04.672 INFO [JDA MainWS-ReadThread] [de.darkdl.mrvnbot.Core] [outLFGInfo] [de.darkdl.mrvnbot.Core.outLFGInfo(Core.java:76)] - Dark#1010 (108552944961454080) | Started LFG request in general
2019-03-03 01:21:04.831 INFO [JDA MainWS-ReadThread] [de.darkdl.mrvnbot.Core] [outLFGInfo] [de.darkdl.mrvnbot.Core.outLFGInfo(Core.java:76)] - Dark#1010 (108552944961454080) | Succesfully completed LFG request
2019-03-03 01:21:17.329 INFO [JDA MainWS-ReadThread] [de.darkdl.mrvnbot.Core] [outLFGInfo] [de.darkdl.mrvnbot.Core.outLFGInfo(Core.java:76)] - Dark#1010 (108552944961454080) | Started LFG request in general
2019-03-03 01:21:17.330 INFO [JDA MainWS-ReadThread] [de.darkdl.mrvnbot.Core] [outLFGInfo] [de.darkdl.mrvnbot.Core.outLFGInfo(Core.java:76)] - Dark#1010 (108552944961454080) | Stopped LFG request, user is in a full channel
2019-03-03 01:22:27.629 INFO [main] [de.darkdl.mrvnbot.Core] [outInfo] [de.darkdl.mrvnbot.Core.outInfo(Core.java:72)] - Starting up... [01:22:27.627246900]
2019-03-03 01:22:29.940 INFO [main] [de.darkdl.mrvnbot.Core] [outInfo] [de.darkdl.mrvnbot.Core.outInfo(Core.java:72)] - Loaded voice channels
2019-03-03 01:22:29.942 INFO [main] [de.darkdl.mrvnbot.Core] [outInfo] [de.darkdl.mrvnbot.Core.outInfo(Core.java:72)] - Done loading! [01:22:29.942573300]
2019-03-03 01:22:31.684 INFO [JDA MainWS-ReadThread] [de.darkdl.mrvnbot.Core] [outLFGInfo] [de.darkdl.mrvnbot.Core.outLFGInfo(Core.java:76)] - Dark#1010 (108552944961454080) | Started LFG request in general
2019-03-03 01:22:31.829 INFO [JDA MainWS-ReadThread] [de.darkdl.mrvnbot.Core] [outLFGInfo] [de.darkdl.mrvnbot.Core.outLFGInfo(Core.java:76)] - Dark#1010 (108552944961454080) | Succesfully completed LFG request
2019-03-03 01:22:35.682 INFO [JDA MainWS-ReadThread] [de.darkdl.mrvnbot.Core] [outLFGInfo] [de.darkdl.mrvnbot.Core.outLFGInfo(Core.java:76)] - Dark#1010 (108552944961454080) | Started LFG request in general
2019-03-03 01:22:35.683 INFO [JDA MainWS-ReadThread] [de.darkdl.mrvnbot.Core] [outLFGInfo] [de.darkdl.mrvnbot.Core.outLFGInfo(Core.java:76)] - Dark#1010 (108552944961454080) | Stopped LFG request, user is not in a channel
2019-03-03 01:22:59.603 INFO [JDA MainWS-ReadThread] [de.darkdl.mrvnbot.Core] [outLFGInfo] [de.darkdl.mrvnbot.Core.outLFGInfo(Core.java:76)] - Dark#1010 (108552944961454080) | Started LFG request in general
2019-03-03 01:22:59.746 INFO [JDA MainWS-ReadThread] [de.darkdl.mrvnbot.Core] [outLFGInfo] [de.darkdl.mrvnbot.Core.outLFGInfo(Core.java:76)] - Dark#1010 (108552944961454080) | Succesfully completed LFG request
2019-03-03 01:23:01.176 INFO [JDA MainWS-ReadThread] [de.darkdl.mrvnbot.Core] [outLFGInfo] [de.darkdl.mrvnbot.Core.outLFGInfo(Core.java:76)] - Dark#1010 (108552944961454080) | Started LFG request in general
2019-03-03 01:23:01.343 INFO [JDA MainWS-ReadThread] [de.darkdl.mrvnbot.Core] [outLFGInfo] [de.darkdl.mrvnbot.Core.outLFGInfo(Core.java:76)] - Dark#1010 (108552944961454080) | Succesfully completed LFG request
2019-03-03 01:23:16.454 INFO [JDA MainWS-ReadThread] [de.darkdl.mrvnbot.Core] [outLFGInfo] [de.darkdl.mrvnbot.Core.outLFGInfo(Core.java:76)] - Dark#1010 (108552944961454080) | Started LFG request in general
2019-03-03 01:23:16.581 INFO [JDA MainWS-ReadThread] [de.darkdl.mrvnbot.Core] [outLFGInfo] [de.darkdl.mrvnbot.Core.outLFGInfo(Core.java:76)] - Dark#1010 (108552944961454080) | Succesfully completed LFG request
2019-03-03 01:25:51.739 INFO [main] [de.darkdl.mrvnbot.Core] [outInfo] [de.darkdl.mrvnbot.Core.outInfo(Core.java:72)] - Starting up... [01:25:51.737211400]
2019-03-03 01:25:53.048 INFO [main] [de.darkdl.mrvnbot.Core] [outInfo] [de.darkdl.mrvnbot.Core.outInfo(Core.java:72)] - Loaded voice channels
2019-03-03 01:25:53.051 INFO [main] [de.darkdl.mrvnbot.Core] [outInfo] [de.darkdl.mrvnbot.Core.outInfo(Core.java:72)] - Done loading! [01:25:53.051721300]
2019-03-03 01:26:47.576 INFO [JDA MainWS-ReadThread] [de.darkdl.mrvnbot.Core] [outLFGInfo] [de.darkdl.mrvnbot.Core.outLFGInfo(Core.java:76)] - Dark#1010 (108552944961454080) | Started LFG request in eu-lfg-pc
2019-03-03 01:26:47.730 INFO [JDA MainWS-ReadThread] [de.darkdl.mrvnbot.Core] [outLFGInfo] [de.darkdl.mrvnbot.Core.outLFGInfo(Core.java:76)] - Dark#1010 (108552944961454080) | Succesfully completed LFG request
